<?xml version="1.0" encoding="UTF-8"?>
<testng-results ignored="0" total="2" passed="2" failed="0" skipped="0">
  <reporter-output>
  </reporter-output>
  <suite started-at="2022-04-10T01:16:47 WIB" name="Default suite" finished-at="2022-04-10T01:18:39 WIB" duration-ms="112112">
    <groups>
    </groups>
    <test started-at="2022-04-10T01:16:47 WIB" name="Default test" finished-at="2022-04-10T01:18:39 WIB" duration-ms="112112">
      <class name="com.juaracoding.ujianmiggu7.StepDefinition">
        <test-method is-config="true" signature="initReports()[pri:0, instance:com.juaracoding.ujianmiggu7.StepDefinition@1af2d44a]" started-at="2022-04-10T01:16:47 WIB" name="initReports" finished-at="2022-04-10T01:16:47 WIB" duration-ms="360" status="PASS">
          <reporter-output>
          </reporter-output>
        </test-method> <!-- initReports -->
        <test-method is-config="true" signature="beforeClass()[pri:0, instance:com.juaracoding.ujianmiggu7.StepDefinition@1af2d44a]" started-at="2022-04-10T01:16:47 WIB" name="beforeClass" finished-at="2022-04-10T01:17:36 WIB" duration-ms="48927" status="PASS">
          <reporter-output>
          </reporter-output>
        </test-method> <!-- beforeClass -->
        <test-method is-config="true" signature="BeforeMethodTest()[pri:0, instance:com.juaracoding.ujianmiggu7.StepDefinition@1af2d44a]" started-at="2022-04-10T01:17:37 WIB" name="BeforeMethodTest" finished-at="2022-04-10T01:17:37 WIB" duration-ms="8" status="PASS">
          <reporter-output>
          </reporter-output>
        </test-method> <!-- BeforeMethodTest -->
        <test-method signature="testAddExpense()[pri:1, instance:com.juaracoding.ujianmiggu7.StepDefinition@1af2d44a]" started-at="2022-04-10T01:17:37 WIB" name="testAddExpense" description="User menambahkan pengeluaran" finished-at="2022-04-10T01:18:11 WIB" duration-ms="34056" status="PASS">
          <reporter-output>
          </reporter-output>
        </test-method> <!-- testAddExpense -->
        <test-method is-config="true" signature="getResult(org.testng.ITestResult)[pri:0, instance:com.juaracoding.ujianmiggu7.StepDefinition@1af2d44a]" started-at="2022-04-10T01:18:11 WIB" name="getResult" finished-at="2022-04-10T01:18:11 WIB" duration-ms="7" status="PASS">
          <params>
            <param index="0">
              <value>
                <![CDATA[[TestResult name=testAddExpense status=SUCCESS method=StepDefinition.testAddExpense()[pri:1, instance:com.juaracoding.ujianmiggu7.StepDefinition@1af2d44a] output={null}]]]>
              </value>
            </param>
          </params>
          <reporter-output>
          </reporter-output>
        </test-method> <!-- getResult -->
        <test-method is-config="true" signature="BeforeMethodTest()[pri:0, instance:com.juaracoding.ujianmiggu7.StepDefinition@1af2d44a]" started-at="2022-04-10T01:18:11 WIB" name="BeforeMethodTest" finished-at="2022-04-10T01:18:11 WIB" duration-ms="1" status="PASS">
          <reporter-output>
          </reporter-output>
        </test-method> <!-- BeforeMethodTest -->
        <test-method signature="testAddIncome()[pri:2, instance:com.juaracoding.ujianmiggu7.StepDefinition@1af2d44a]" started-at="2022-04-10T01:18:11 WIB" name="testAddIncome" description="User menambahkan pemasukan" finished-at="2022-04-10T01:18:35 WIB" duration-ms="24368" status="PASS">
          <reporter-output>
          </reporter-output>
        </test-method> <!-- testAddIncome -->
        <test-method is-config="true" signature="getResult(org.testng.ITestResult)[pri:0, instance:com.juaracoding.ujianmiggu7.StepDefinition@1af2d44a]" started-at="2022-04-10T01:18:35 WIB" name="getResult" finished-at="2022-04-10T01:18:35 WIB" duration-ms="0" status="PASS">
          <params>
            <param index="0">
              <value>
                <![CDATA[[TestResult name=testAddIncome status=SUCCESS method=StepDefinition.testAddIncome()[pri:2, instance:com.juaracoding.ujianmiggu7.StepDefinition@1af2d44a] output={null}]]]>
              </value>
            </param>
          </params>
          <reporter-output>
          </reporter-output>
        </test-method> <!-- getResult -->
        <test-method is-config="true" signature="CloseApp()[pri:0, instance:com.juaracoding.ujianmiggu7.StepDefinition@1af2d44a]" started-at="2022-04-10T01:18:35 WIB" name="CloseApp" finished-at="2022-04-10T01:18:39 WIB" duration-ms="3715" status="PASS">
          <reporter-output>
          </reporter-output>
        </test-method> <!-- CloseApp -->
      </class> <!-- com.juaracoding.ujianmiggu7.StepDefinition -->
    </test> <!-- Default test -->
  </suite> <!-- Default suite -->
</testng-results>
